{"/home/yaroslav/frontend-project-46-1/__fixtures__/result.js": {"path":"/home/yaroslav/frontend-project-46-1/__fixtures__/result.js","all":false,"statementMap":{"0":{"start":{"line":1,"column":0},"end":{"line":1,"column":17}},"1":{"start":{"line":2,"column":0},"end":{"line":2,"column":13}},"2":{"start":{"line":3,"column":0},"end":{"line":3,"column":21}},"3":{"start":{"line":4,"column":0},"end":{"line":4,"column":25}},"4":{"start":{"line":5,"column":0},"end":{"line":5,"column":21}},"5":{"start":{"line":6,"column":0},"end":{"line":6,"column":22}},"6":{"start":{"line":7,"column":0},"end":{"line":7,"column":22}},"7":{"start":{"line":8,"column":0},"end":{"line":8,"column":27}},"8":{"start":{"line":9,"column":0},"end":{"line":9,"column":19}},"9":{"start":{"line":10,"column":0},"end":{"line":10,"column":24}},"10":{"start":{"line":11,"column":0},"end":{"line":11,"column":9}},"11":{"start":{"line":12,"column":0},"end":{"line":12,"column":19}},"12":{"start":{"line":13,"column":0},"end":{"line":13,"column":19}},"13":{"start":{"line":14,"column":0},"end":{"line":14,"column":21}},"14":{"start":{"line":15,"column":0},"end":{"line":15,"column":28}},"15":{"start":{"line":16,"column":0},"end":{"line":16,"column":13}},"16":{"start":{"line":17,"column":0},"end":{"line":17,"column":22}},"17":{"start":{"line":18,"column":0},"end":{"line":18,"column":21}},"18":{"start":{"line":19,"column":0},"end":{"line":19,"column":9}},"19":{"start":{"line":20,"column":0},"end":{"line":20,"column":5}},"20":{"start":{"line":21,"column":0},"end":{"line":21,"column":13}},"21":{"start":{"line":22,"column":0},"end":{"line":22,"column":16}},"22":{"start":{"line":23,"column":0},"end":{"line":23,"column":17}},"23":{"start":{"line":24,"column":0},"end":{"line":24,"column":16}},"24":{"start":{"line":25,"column":0},"end":{"line":25,"column":15}},"25":{"start":{"line":26,"column":0},"end":{"line":26,"column":22}},"26":{"start":{"line":27,"column":0},"end":{"line":27,"column":9}},"27":{"start":{"line":28,"column":0},"end":{"line":28,"column":17}},"28":{"start":{"line":29,"column":0},"end":{"line":29,"column":5}},"29":{"start":{"line":30,"column":0},"end":{"line":30,"column":13}},"30":{"start":{"line":31,"column":0},"end":{"line":31,"column":18}},"31":{"start":{"line":32,"column":0},"end":{"line":32,"column":15}},"32":{"start":{"line":33,"column":0},"end":{"line":33,"column":18}},"33":{"start":{"line":34,"column":0},"end":{"line":34,"column":9}},"34":{"start":{"line":35,"column":0},"end":{"line":35,"column":5}},"35":{"start":{"line":36,"column":0},"end":{"line":36,"column":13}},"36":{"start":{"line":37,"column":0},"end":{"line":37,"column":15}},"37":{"start":{"line":38,"column":0},"end":{"line":38,"column":17}},"38":{"start":{"line":39,"column":0},"end":{"line":39,"column":26}},"39":{"start":{"line":40,"column":0},"end":{"line":40,"column":13}},"40":{"start":{"line":41,"column":0},"end":{"line":41,"column":9}},"41":{"start":{"line":42,"column":0},"end":{"line":42,"column":19}},"42":{"start":{"line":43,"column":0},"end":{"line":43,"column":5}},"43":{"start":{"line":44,"column":0},"end":{"line":44,"column":3}},"44":{"start":{"line":45,"column":0},"end":{"line":45,"column":0}},"45":{"start":{"line":46,"column":0},"end":{"line":46,"column":22}}},"s":{"0":1,"1":1,"2":1,"3":1,"4":1,"5":1,"6":1,"7":1,"8":1,"9":1,"10":1,"11":1,"12":1,"13":1,"14":1,"15":1,"16":1,"17":1,"18":1,"19":1,"20":1,"21":1,"22":1,"23":1,"24":1,"25":1,"26":1,"27":1,"28":1,"29":1,"30":1,"31":1,"32":1,"33":1,"34":1,"35":1,"36":1,"37":1,"38":1,"39":1,"40":1,"41":1,"42":1,"43":1,"44":1,"45":1},"branchMap":{},"b":{},"fnMap":{},"f":{}}
,"/home/yaroslav/frontend-project-46-1/__fixtures__/resultJSON.js": {"path":"/home/yaroslav/frontend-project-46-1/__fixtures__/resultJSON.js","all":false,"statementMap":{"0":{"start":{"line":1,"column":0},"end":{"line":1,"column":225}},"1":{"start":{"line":2,"column":0},"end":{"line":2,"column":22}}},"s":{"0":1,"1":1},"branchMap":{},"b":{},"fnMap":{},"f":{}}
,"/home/yaroslav/frontend-project-46-1/__fixtures__/resultPlain.js": {"path":"/home/yaroslav/frontend-project-46-1/__fixtures__/resultPlain.js","all":false,"statementMap":{"0":{"start":{"line":1,"column":0},"end":{"line":1,"column":68}},"1":{"start":{"line":2,"column":0},"end":{"line":2,"column":38}},"2":{"start":{"line":3,"column":0},"end":{"line":3,"column":57}},"3":{"start":{"line":4,"column":0},"end":{"line":4,"column":60}},"4":{"start":{"line":5,"column":0},"end":{"line":5,"column":64}},"5":{"start":{"line":6,"column":0},"end":{"line":6,"column":69}},"6":{"start":{"line":7,"column":0},"end":{"line":7,"column":59}},"7":{"start":{"line":8,"column":0},"end":{"line":8,"column":55}},"8":{"start":{"line":9,"column":0},"end":{"line":9,"column":65}},"9":{"start":{"line":10,"column":0},"end":{"line":10,"column":29}},"10":{"start":{"line":11,"column":0},"end":{"line":11,"column":57}},"11":{"start":{"line":12,"column":0},"end":{"line":12,"column":0}},"12":{"start":{"line":13,"column":0},"end":{"line":13,"column":22}}},"s":{"0":1,"1":1,"2":1,"3":1,"4":1,"5":1,"6":1,"7":1,"8":1,"9":1,"10":1,"11":1,"12":1},"branchMap":{},"b":{},"fnMap":{},"f":{}}
,"/home/yaroslav/frontend-project-46-1/src/formatter.js": {"path":"/home/yaroslav/frontend-project-46-1/src/formatter.js","all":false,"statementMap":{"0":{"start":{"line":1,"column":0},"end":{"line":1,"column":23}},"1":{"start":{"line":2,"column":0},"end":{"line":2,"column":19}},"2":{"start":{"line":3,"column":0},"end":{"line":3,"column":52}},"3":{"start":{"line":4,"column":0},"end":{"line":4,"column":43}},"4":{"start":{"line":5,"column":0},"end":{"line":5,"column":28}},"5":{"start":{"line":6,"column":0},"end":{"line":6,"column":55}},"6":{"start":{"line":7,"column":0},"end":{"line":7,"column":5}},"7":{"start":{"line":8,"column":0},"end":{"line":8,"column":17}},"8":{"start":{"line":9,"column":0},"end":{"line":9,"column":4}},"9":{"start":{"line":10,"column":0},"end":{"line":10,"column":68}},"10":{"start":{"line":11,"column":0},"end":{"line":11,"column":39}},"11":{"start":{"line":12,"column":0},"end":{"line":12,"column":44}},"12":{"start":{"line":13,"column":0},"end":{"line":13,"column":47}},"13":{"start":{"line":14,"column":0},"end":{"line":14,"column":28}},"14":{"start":{"line":15,"column":0},"end":{"line":15,"column":91}},"15":{"start":{"line":16,"column":0},"end":{"line":16,"column":5}},"16":{"start":{"line":17,"column":0},"end":{"line":17,"column":28}},"17":{"start":{"line":18,"column":0},"end":{"line":18,"column":91}},"18":{"start":{"line":19,"column":0},"end":{"line":19,"column":5}},"19":{"start":{"line":20,"column":0},"end":{"line":20,"column":57}},"20":{"start":{"line":21,"column":0},"end":{"line":21,"column":92}},"21":{"start":{"line":22,"column":0},"end":{"line":22,"column":5}},"22":{"start":{"line":23,"column":0},"end":{"line":23,"column":34}},"23":{"start":{"line":24,"column":0},"end":{"line":24,"column":91}},"24":{"start":{"line":25,"column":0},"end":{"line":25,"column":5}},"25":{"start":{"line":26,"column":0},"end":{"line":26,"column":166}},"26":{"start":{"line":27,"column":0},"end":{"line":27,"column":5}},"27":{"start":{"line":28,"column":0},"end":{"line":28,"column":0}},"28":{"start":{"line":29,"column":0},"end":{"line":29,"column":66}},"29":{"start":{"line":30,"column":0},"end":{"line":30,"column":2}},"30":{"start":{"line":31,"column":0},"end":{"line":31,"column":0}},"31":{"start":{"line":32,"column":0},"end":{"line":32,"column":41}},"32":{"start":{"line":33,"column":0},"end":{"line":33,"column":34}},"33":{"start":{"line":34,"column":0},"end":{"line":34,"column":28}},"34":{"start":{"line":35,"column":0},"end":{"line":35,"column":31}},"35":{"start":{"line":36,"column":0},"end":{"line":36,"column":5}},"36":{"start":{"line":37,"column":0},"end":{"line":37,"column":55}},"37":{"start":{"line":38,"column":0},"end":{"line":38,"column":17}},"38":{"start":{"line":39,"column":0},"end":{"line":39,"column":4}},"39":{"start":{"line":40,"column":0},"end":{"line":40,"column":0}},"40":{"start":{"line":41,"column":0},"end":{"line":41,"column":55}},"41":{"start":{"line":42,"column":0},"end":{"line":42,"column":63}},"42":{"start":{"line":43,"column":0},"end":{"line":43,"column":56}},"43":{"start":{"line":44,"column":0},"end":{"line":44,"column":61}},"44":{"start":{"line":45,"column":0},"end":{"line":45,"column":63}},"45":{"start":{"line":46,"column":0},"end":{"line":46,"column":46}},"46":{"start":{"line":47,"column":0},"end":{"line":47,"column":19}},"47":{"start":{"line":48,"column":0},"end":{"line":48,"column":71}},"48":{"start":{"line":49,"column":0},"end":{"line":49,"column":73}},"49":{"start":{"line":50,"column":0},"end":{"line":50,"column":7}},"50":{"start":{"line":51,"column":0},"end":{"line":51,"column":122}},"51":{"start":{"line":52,"column":0},"end":{"line":52,"column":11}},"52":{"start":{"line":53,"column":0},"end":{"line":53,"column":0}},"53":{"start":{"line":54,"column":0},"end":{"line":54,"column":71}},"54":{"start":{"line":55,"column":0},"end":{"line":55,"column":39}},"55":{"start":{"line":56,"column":0},"end":{"line":56,"column":48}},"56":{"start":{"line":57,"column":0},"end":{"line":57,"column":56}},"57":{"start":{"line":58,"column":0},"end":{"line":58,"column":85}},"58":{"start":{"line":59,"column":0},"end":{"line":59,"column":7}},"59":{"start":{"line":60,"column":0},"end":{"line":60,"column":0}},"60":{"start":{"line":61,"column":0},"end":{"line":61,"column":58}},"61":{"start":{"line":62,"column":0},"end":{"line":62,"column":0}},"62":{"start":{"line":63,"column":0},"end":{"line":63,"column":49}},"63":{"start":{"line":64,"column":0},"end":{"line":64,"column":2}},"64":{"start":{"line":65,"column":0},"end":{"line":65,"column":0}},"65":{"start":{"line":66,"column":0},"end":{"line":66,"column":45}},"66":{"start":{"line":67,"column":0},"end":{"line":67,"column":19}},"67":{"start":{"line":68,"column":0},"end":{"line":68,"column":19}},"68":{"start":{"line":69,"column":0},"end":{"line":69,"column":43}},"69":{"start":{"line":70,"column":0},"end":{"line":70,"column":17}},"70":{"start":{"line":71,"column":0},"end":{"line":71,"column":41}},"71":{"start":{"line":72,"column":0},"end":{"line":72,"column":16}},"72":{"start":{"line":73,"column":0},"end":{"line":73,"column":48}},"73":{"start":{"line":74,"column":0},"end":{"line":74,"column":12}},"74":{"start":{"line":75,"column":0},"end":{"line":75,"column":38}},"75":{"start":{"line":76,"column":0},"end":{"line":76,"column":3}},"76":{"start":{"line":77,"column":0},"end":{"line":77,"column":2}},"77":{"start":{"line":78,"column":0},"end":{"line":78,"column":0}},"78":{"start":{"line":79,"column":0},"end":{"line":79,"column":25}}},"s":{"0":1,"1":1,"2":1,"3":48,"4":96,"5":16,"6":16,"7":80,"8":48,"9":48,"10":48,"11":108,"12":108,"13":108,"14":20,"15":20,"16":108,"17":8,"18":8,"19":108,"20":28,"21":28,"22":108,"23":36,"24":36,"25":16,"26":48,"27":48,"28":48,"29":48,"30":1,"31":1,"32":2,"33":26,"34":6,"35":6,"36":26,"37":6,"38":2,"39":2,"40":2,"41":10,"42":26,"43":26,"44":4,"45":26,"46":6,"47":26,"48":8,"49":8,"50":8,"51":10,"52":10,"53":10,"54":10,"55":10,"56":10,"57":10,"58":10,"59":10,"60":2,"61":2,"62":2,"63":2,"64":1,"65":1,"66":8,"67":8,"68":4,"69":8,"70":2,"71":8,"72":2,"73":8,"74":0,"75":8,"76":8,"77":1,"78":1},"branchMap":{"0":{"type":"branch","line":3,"loc":{"start":{"line":3,"column":24},"end":{"line":30,"column":2}},"locations":[{"start":{"line":3,"column":24},"end":{"line":30,"column":2}}]},"1":{"type":"branch","line":4,"loc":{"start":{"line":4,"column":23},"end":{"line":9,"column":3}},"locations":[{"start":{"line":4,"column":23},"end":{"line":9,"column":3}}]},"2":{"type":"branch","line":5,"loc":{"start":{"line":5,"column":27},"end":{"line":7,"column":5}},"locations":[{"start":{"line":5,"column":27},"end":{"line":7,"column":5}}]},"3":{"type":"branch","line":7,"loc":{"start":{"line":7,"column":4},"end":{"line":9,"column":3}},"locations":[{"start":{"line":7,"column":4},"end":{"line":9,"column":3}}]},"4":{"type":"branch","line":11,"loc":{"start":{"line":11,"column":30},"end":{"line":27,"column":3}},"locations":[{"start":{"line":11,"column":30},"end":{"line":27,"column":3}}]},"5":{"type":"branch","line":14,"loc":{"start":{"line":14,"column":27},"end":{"line":16,"column":5}},"locations":[{"start":{"line":14,"column":27},"end":{"line":16,"column":5}}]},"6":{"type":"branch","line":16,"loc":{"start":{"line":16,"column":4},"end":{"line":17,"column":27}},"locations":[{"start":{"line":16,"column":4},"end":{"line":17,"column":27}}]},"7":{"type":"branch","line":17,"loc":{"start":{"line":17,"column":27},"end":{"line":19,"column":5}},"locations":[{"start":{"line":17,"column":27},"end":{"line":19,"column":5}}]},"8":{"type":"branch","line":19,"loc":{"start":{"line":19,"column":4},"end":{"line":20,"column":33}},"locations":[{"start":{"line":19,"column":4},"end":{"line":20,"column":33}}]},"9":{"type":"branch","line":20,"loc":{"start":{"line":20,"column":29},"end":{"line":20,"column":54}},"locations":[{"start":{"line":20,"column":29},"end":{"line":20,"column":54}}]},"10":{"type":"branch","line":20,"loc":{"start":{"line":20,"column":56},"end":{"line":22,"column":5}},"locations":[{"start":{"line":20,"column":56},"end":{"line":22,"column":5}}]},"11":{"type":"branch","line":22,"loc":{"start":{"line":22,"column":4},"end":{"line":23,"column":33}},"locations":[{"start":{"line":22,"column":4},"end":{"line":23,"column":33}}]},"12":{"type":"branch","line":23,"loc":{"start":{"line":23,"column":33},"end":{"line":25,"column":5}},"locations":[{"start":{"line":23,"column":33},"end":{"line":25,"column":5}}]},"13":{"type":"branch","line":25,"loc":{"start":{"line":25,"column":4},"end":{"line":27,"column":3}},"locations":[{"start":{"line":25,"column":4},"end":{"line":27,"column":3}}]},"14":{"type":"branch","line":32,"loc":{"start":{"line":32,"column":22},"end":{"line":64,"column":2}},"locations":[{"start":{"line":32,"column":22},"end":{"line":64,"column":2}}]},"15":{"type":"branch","line":33,"loc":{"start":{"line":33,"column":23},"end":{"line":39,"column":3}},"locations":[{"start":{"line":33,"column":23},"end":{"line":39,"column":3}}]},"16":{"type":"branch","line":34,"loc":{"start":{"line":34,"column":27},"end":{"line":36,"column":5}},"locations":[{"start":{"line":34,"column":27},"end":{"line":36,"column":5}}]},"17":{"type":"branch","line":36,"loc":{"start":{"line":36,"column":4},"end":{"line":37,"column":35}},"locations":[{"start":{"line":36,"column":4},"end":{"line":37,"column":35}}]},"18":{"type":"branch","line":37,"loc":{"start":{"line":37,"column":35},"end":{"line":37,"column":55}},"locations":[{"start":{"line":37,"column":35},"end":{"line":37,"column":55}}]},"19":{"type":"branch","line":37,"loc":{"start":{"line":37,"column":54},"end":{"line":39,"column":3}},"locations":[{"start":{"line":37,"column":54},"end":{"line":39,"column":3}}]},"20":{"type":"branch","line":41,"loc":{"start":{"line":41,"column":25},"end":{"line":61,"column":57}},"locations":[{"start":{"line":41,"column":25},"end":{"line":61,"column":57}}]},"21":{"type":"branch","line":42,"loc":{"start":{"line":42,"column":48},"end":{"line":52,"column":5}},"locations":[{"start":{"line":42,"column":48},"end":{"line":52,"column":5}}]},"22":{"type":"branch","line":43,"loc":{"start":{"line":43,"column":28},"end":{"line":43,"column":49}},"locations":[{"start":{"line":43,"column":28},"end":{"line":43,"column":49}}]},"23":{"type":"branch","line":43,"loc":{"start":{"line":43,"column":49},"end":{"line":43,"column":55}},"locations":[{"start":{"line":43,"column":49},"end":{"line":43,"column":55}}]},"24":{"type":"branch","line":44,"loc":{"start":{"line":44,"column":60},"end":{"line":46,"column":8}},"locations":[{"start":{"line":44,"column":60},"end":{"line":46,"column":8}}]},"25":{"type":"branch","line":46,"loc":{"start":{"line":46,"column":6},"end":{"line":46,"column":45}},"locations":[{"start":{"line":46,"column":6},"end":{"line":46,"column":45}}]},"26":{"type":"branch","line":46,"loc":{"start":{"line":46,"column":45},"end":{"line":48,"column":8}},"locations":[{"start":{"line":46,"column":45},"end":{"line":48,"column":8}}]},"27":{"type":"branch","line":48,"loc":{"start":{"line":48,"column":6},"end":{"line":48,"column":42}},"locations":[{"start":{"line":48,"column":6},"end":{"line":48,"column":42}}]},"28":{"type":"branch","line":48,"loc":{"start":{"line":48,"column":38},"end":{"line":48,"column":68}},"locations":[{"start":{"line":48,"column":38},"end":{"line":48,"column":68}}]},"29":{"type":"branch","line":48,"loc":{"start":{"line":48,"column":70},"end":{"line":52,"column":5}},"locations":[{"start":{"line":48,"column":70},"end":{"line":52,"column":5}}]},"30":{"type":"branch","line":54,"loc":{"start":{"line":54,"column":46},"end":{"line":55,"column":37}},"locations":[{"start":{"line":54,"column":46},"end":{"line":55,"column":37}}]},"31":{"type":"branch","line":56,"loc":{"start":{"line":56,"column":39},"end":{"line":59,"column":5}},"locations":[{"start":{"line":56,"column":39},"end":{"line":59,"column":5}}]},"32":{"type":"branch","line":57,"loc":{"start":{"line":57,"column":28},"end":{"line":57,"column":49}},"locations":[{"start":{"line":57,"column":28},"end":{"line":57,"column":49}}]},"33":{"type":"branch","line":57,"loc":{"start":{"line":57,"column":49},"end":{"line":57,"column":55}},"locations":[{"start":{"line":57,"column":49},"end":{"line":57,"column":55}}]},"34":{"type":"branch","line":66,"loc":{"start":{"line":66,"column":18},"end":{"line":77,"column":2}},"locations":[{"start":{"line":66,"column":18},"end":{"line":77,"column":2}}]},"35":{"type":"branch","line":68,"loc":{"start":{"line":68,"column":4},"end":{"line":69,"column":43}},"locations":[{"start":{"line":68,"column":4},"end":{"line":69,"column":43}}]},"36":{"type":"branch","line":70,"loc":{"start":{"line":70,"column":4},"end":{"line":71,"column":41}},"locations":[{"start":{"line":70,"column":4},"end":{"line":71,"column":41}}]},"37":{"type":"branch","line":72,"loc":{"start":{"line":72,"column":4},"end":{"line":73,"column":48}},"locations":[{"start":{"line":72,"column":4},"end":{"line":73,"column":48}}]},"38":{"type":"branch","line":74,"loc":{"start":{"line":74,"column":4},"end":{"line":75,"column":38}},"locations":[{"start":{"line":74,"column":4},"end":{"line":75,"column":38}}]}},"b":{"0":[48],"1":[96],"2":[16],"3":[80],"4":[108],"5":[20],"6":[88],"7":[8],"8":[80],"9":[32],"10":[28],"11":[52],"12":[36],"13":[16],"14":[2],"15":[26],"16":[6],"17":[20],"18":[14],"19":[6],"20":[10],"21":[26],"22":[20],"23":[6],"24":[4],"25":[22],"26":[6],"27":[16],"28":[10],"29":[8],"30":[32],"31":[10],"32":[8],"33":[2],"34":[8],"35":[4],"36":[2],"37":[2],"38":[0]},"fnMap":{"0":{"name":"makeStylishDiff","decl":{"start":{"line":3,"column":24},"end":{"line":30,"column":2}},"loc":{"start":{"line":3,"column":24},"end":{"line":30,"column":2}},"line":3},"1":{"name":"formatValue1","decl":{"start":{"line":4,"column":23},"end":{"line":9,"column":3}},"loc":{"start":{"line":4,"column":23},"end":{"line":9,"column":3}},"line":4},"2":{"name":"makePlainDiff","decl":{"start":{"line":32,"column":22},"end":{"line":64,"column":2}},"loc":{"start":{"line":32,"column":22},"end":{"line":64,"column":2}},"line":32},"3":{"name":"formatValue","decl":{"start":{"line":33,"column":23},"end":{"line":39,"column":3}},"loc":{"start":{"line":33,"column":23},"end":{"line":39,"column":3}},"line":33},"4":{"name":"traverseObject","decl":{"start":{"line":41,"column":25},"end":{"line":61,"column":57}},"loc":{"start":{"line":41,"column":25},"end":{"line":61,"column":57}},"line":41},"5":{"name":"formatter","decl":{"start":{"line":66,"column":18},"end":{"line":77,"column":2}},"loc":{"start":{"line":66,"column":18},"end":{"line":77,"column":2}},"line":66}},"f":{"0":48,"1":96,"2":2,"3":26,"4":10,"5":8}}
,"/home/yaroslav/frontend-project-46-1/src/index.js": {"path":"/home/yaroslav/frontend-project-46-1/src/index.js","all":false,"statementMap":{"0":{"start":{"line":1,"column":0},"end":{"line":1,"column":29}},"1":{"start":{"line":2,"column":0},"end":{"line":2,"column":39}},"2":{"start":{"line":3,"column":0},"end":{"line":3,"column":34}},"3":{"start":{"line":4,"column":0},"end":{"line":4,"column":39}},"4":{"start":{"line":5,"column":0},"end":{"line":5,"column":0}},"5":{"start":{"line":6,"column":0},"end":{"line":6,"column":55}},"6":{"start":{"line":7,"column":0},"end":{"line":7,"column":59}},"7":{"start":{"line":8,"column":0},"end":{"line":8,"column":69}},"8":{"start":{"line":9,"column":0},"end":{"line":9,"column":0}},"9":{"start":{"line":10,"column":0},"end":{"line":10,"column":40}},"10":{"start":{"line":11,"column":0},"end":{"line":11,"column":42}},"11":{"start":{"line":12,"column":0},"end":{"line":12,"column":35}},"12":{"start":{"line":13,"column":0},"end":{"line":13,"column":5}},"13":{"start":{"line":14,"column":0},"end":{"line":14,"column":0}},"14":{"start":{"line":15,"column":0},"end":{"line":15,"column":35}},"15":{"start":{"line":16,"column":0},"end":{"line":16,"column":35}},"16":{"start":{"line":17,"column":0},"end":{"line":17,"column":0}},"17":{"start":{"line":18,"column":0},"end":{"line":18,"column":32}},"18":{"start":{"line":19,"column":0},"end":{"line":19,"column":32}},"19":{"start":{"line":20,"column":0},"end":{"line":20,"column":0}},"20":{"start":{"line":21,"column":0},"end":{"line":21,"column":43}},"21":{"start":{"line":22,"column":0},"end":{"line":22,"column":2}},"22":{"start":{"line":23,"column":0},"end":{"line":23,"column":0}},"23":{"start":{"line":24,"column":0},"end":{"line":24,"column":23}}},"s":{"0":1,"1":1,"2":1,"3":1,"4":1,"5":1,"6":8,"7":8,"8":8,"9":8,"10":16,"11":16,"12":8,"13":8,"14":8,"15":8,"16":8,"17":8,"18":8,"19":8,"20":8,"21":8,"22":1,"23":1},"branchMap":{"0":{"type":"branch","line":6,"loc":{"start":{"line":6,"column":16},"end":{"line":22,"column":2}},"locations":[{"start":{"line":6,"column":16},"end":{"line":22,"column":2}}]},"1":{"type":"branch","line":7,"loc":{"start":{"line":7,"column":23},"end":{"line":7,"column":58}},"locations":[{"start":{"line":7,"column":23},"end":{"line":7,"column":58}}]},"2":{"type":"branch","line":8,"loc":{"start":{"line":8,"column":24},"end":{"line":8,"column":68}},"locations":[{"start":{"line":8,"column":24},"end":{"line":8,"column":68}}]},"3":{"type":"branch","line":10,"loc":{"start":{"line":10,"column":19},"end":{"line":13,"column":4}},"locations":[{"start":{"line":10,"column":19},"end":{"line":13,"column":4}}]}},"b":{"0":[8],"1":[16],"2":[16],"3":[16]},"fnMap":{"0":{"name":"genDiff","decl":{"start":{"line":6,"column":16},"end":{"line":22,"column":2}},"loc":{"start":{"line":6,"column":16},"end":{"line":22,"column":2}},"line":6},"1":{"name":"resolvePath","decl":{"start":{"line":7,"column":23},"end":{"line":7,"column":58}},"loc":{"start":{"line":7,"column":23},"end":{"line":7,"column":58}},"line":7},"2":{"name":"getExtension","decl":{"start":{"line":8,"column":24},"end":{"line":8,"column":68}},"loc":{"start":{"line":8,"column":24},"end":{"line":8,"column":68}},"line":8},"3":{"name":"getData","decl":{"start":{"line":10,"column":19},"end":{"line":13,"column":4}},"loc":{"start":{"line":10,"column":19},"end":{"line":13,"column":4}},"line":10}},"f":{"0":8,"1":16,"2":16,"3":16}}
,"/home/yaroslav/frontend-project-46-1/src/parsers.js": {"path":"/home/yaroslav/frontend-project-46-1/src/parsers.js","all":false,"statementMap":{"0":{"start":{"line":1,"column":0},"end":{"line":1,"column":27}},"1":{"start":{"line":2,"column":0},"end":{"line":2,"column":0}},"2":{"start":{"line":3,"column":0},"end":{"line":3,"column":15}},"3":{"start":{"line":4,"column":0},"end":{"line":4,"column":19}},"4":{"start":{"line":5,"column":0},"end":{"line":5,"column":18}},"5":{"start":{"line":6,"column":0},"end":{"line":6,"column":17}},"6":{"start":{"line":7,"column":0},"end":{"line":7,"column":2}},"7":{"start":{"line":8,"column":0},"end":{"line":8,"column":0}},"8":{"start":{"line":9,"column":0},"end":{"line":9,"column":57}}},"s":{"0":1,"1":1,"2":1,"3":1,"4":1,"5":1,"6":1,"7":1,"8":1},"branchMap":{"0":{"type":"branch","line":9,"loc":{"start":{"line":9,"column":15},"end":{"line":9,"column":56}},"locations":[{"start":{"line":9,"column":15},"end":{"line":9,"column":56}}]}},"b":{"0":[16]},"fnMap":{"0":{"name":"default","decl":{"start":{"line":9,"column":15},"end":{"line":9,"column":56}},"loc":{"start":{"line":9,"column":15},"end":{"line":9,"column":56}},"line":9}},"f":{"0":16}}
}
