TN:
SF:__fixtures__/result.js
FNF:0
FNH:0
DA:1,1
DA:2,1
DA:3,1
DA:4,1
DA:5,1
DA:6,1
DA:7,1
DA:8,1
DA:9,1
DA:10,1
DA:11,1
DA:12,1
DA:13,1
DA:14,1
DA:15,1
DA:16,1
DA:17,1
DA:18,1
DA:19,1
DA:20,1
DA:21,1
DA:22,1
DA:23,1
DA:24,1
DA:25,1
DA:26,1
DA:27,1
DA:28,1
DA:29,1
DA:30,1
DA:31,1
DA:32,1
DA:33,1
DA:34,1
DA:35,1
DA:36,1
DA:37,1
DA:38,1
DA:39,1
DA:40,1
DA:41,1
DA:42,1
DA:43,1
DA:44,1
DA:45,1
DA:46,1
LF:46
LH:46
BRF:0
BRH:0
end_of_record
TN:
SF:__fixtures__/resultJSON.js
FNF:0
FNH:0
DA:1,1
DA:2,1
LF:2
LH:2
BRF:0
BRH:0
end_of_record
TN:
SF:__fixtures__/resultPlain.js
FNF:0
FNH:0
DA:1,1
DA:2,1
DA:3,1
DA:4,1
DA:5,1
DA:6,1
DA:7,1
DA:8,1
DA:9,1
DA:10,1
DA:11,1
DA:12,1
DA:13,1
LF:13
LH:13
BRF:0
BRH:0
end_of_record
TN:
SF:src/formatter.js
FN:3,makeStylishDiff
FN:4,formatValue1
FN:32,makePlainDiff
FN:33,formatValue
FN:41,traverseObject
FN:66,formatter
FNF:6
FNH:6
FNDA:48,makeStylishDiff
FNDA:96,formatValue1
FNDA:2,makePlainDiff
FNDA:26,formatValue
FNDA:10,traverseObject
FNDA:8,formatter
DA:1,1
DA:2,1
DA:3,1
DA:4,48
DA:5,96
DA:6,16
DA:7,16
DA:8,80
DA:9,48
DA:10,48
DA:11,48
DA:12,108
DA:13,108
DA:14,108
DA:15,20
DA:16,20
DA:17,108
DA:18,8
DA:19,8
DA:20,108
DA:21,28
DA:22,28
DA:23,108
DA:24,36
DA:25,36
DA:26,16
DA:27,48
DA:28,48
DA:29,48
DA:30,48
DA:31,1
DA:32,1
DA:33,2
DA:34,26
DA:35,6
DA:36,6
DA:37,26
DA:38,6
DA:39,2
DA:40,2
DA:41,2
DA:42,10
DA:43,26
DA:44,26
DA:45,4
DA:46,26
DA:47,6
DA:48,26
DA:49,8
DA:50,8
DA:51,8
DA:52,10
DA:53,10
DA:54,10
DA:55,10
DA:56,10
DA:57,10
DA:58,10
DA:59,10
DA:60,10
DA:61,2
DA:62,2
DA:63,2
DA:64,2
DA:65,1
DA:66,1
DA:67,8
DA:68,8
DA:69,4
DA:70,8
DA:71,2
DA:72,8
DA:73,2
DA:74,8
DA:75,0
DA:76,8
DA:77,8
DA:78,1
DA:79,1
LF:79
LH:78
BRDA:3,0,0,48
BRDA:4,1,0,96
BRDA:5,2,0,16
BRDA:7,3,0,80
BRDA:11,4,0,108
BRDA:14,5,0,20
BRDA:16,6,0,88
BRDA:17,7,0,8
BRDA:19,8,0,80
BRDA:20,9,0,32
BRDA:20,10,0,28
BRDA:22,11,0,52
BRDA:23,12,0,36
BRDA:25,13,0,16
BRDA:32,14,0,2
BRDA:33,15,0,26
BRDA:34,16,0,6
BRDA:36,17,0,20
BRDA:37,18,0,14
BRDA:37,19,0,6
BRDA:41,20,0,10
BRDA:42,21,0,26
BRDA:43,22,0,20
BRDA:43,23,0,6
BRDA:44,24,0,4
BRDA:46,25,0,22
BRDA:46,26,0,6
BRDA:48,27,0,16
BRDA:48,28,0,10
BRDA:48,29,0,8
BRDA:54,30,0,32
BRDA:56,31,0,10
BRDA:57,32,0,8
BRDA:57,33,0,2
BRDA:66,34,0,8
BRDA:68,35,0,4
BRDA:70,36,0,2
BRDA:72,37,0,2
BRDA:74,38,0,0
BRF:39
BRH:38
end_of_record
TN:
SF:src/index.js
FN:6,genDiff
FN:7,resolvePath
FN:8,getExtension
FN:10,getData
FNF:4
FNH:4
FNDA:8,genDiff
FNDA:16,resolvePath
FNDA:16,getExtension
FNDA:16,getData
DA:1,1
DA:2,1
DA:3,1
DA:4,1
DA:5,1
DA:6,1
DA:7,8
DA:8,8
DA:9,8
DA:10,8
DA:11,16
DA:12,16
DA:13,8
DA:14,8
DA:15,8
DA:16,8
DA:17,8
DA:18,8
DA:19,8
DA:20,8
DA:21,8
DA:22,8
DA:23,1
DA:24,1
LF:24
LH:24
BRDA:6,0,0,8
BRDA:7,1,0,16
BRDA:8,2,0,16
BRDA:10,3,0,16
BRF:4
BRH:4
end_of_record
TN:
SF:src/parsers.js
FN:9,default
FNF:1
FNH:1
FNDA:16,default
DA:1,1
DA:2,1
DA:3,1
DA:4,1
DA:5,1
DA:6,1
DA:7,1
DA:8,1
DA:9,1
LF:9
LH:9
BRDA:9,0,0,16
BRF:1
BRH:1
end_of_record
